-------------------------------------------------------------------------------
Test set: com.baeldung.serenity.GoogleSearchPageObjectLiveTest
-------------------------------------------------------------------------------
Tests run: 1, Failures: 0, Errors: 1, Skipped: 0, Time elapsed: 8.991 sec <<< FAILURE! - in com.baeldung.serenity.GoogleSearchPageObjectLiveTest
whenGoogleBaeldungThenShouldSeeEugen(com.baeldung.serenity.GoogleSearchPageObjectLiveTest)  Time elapsed: 1.993 sec  <<< ERROR!
net.thucydides.core.webdriver.UnsupportedDriverException: Could not instantiate class org.openqa.selenium.chrome.ChromeDriver
	at com.google.common.base.Preconditions.checkState(Preconditions.java:867)
	at net.serenitybdd.core.webdriver.servicepools.DriverServiceExecutable.checkForMissingBinaries(DriverServiceExecutable.java:107)
	at net.serenitybdd.core.webdriver.servicepools.DriverServiceExecutable.asAFile(DriverServiceExecutable.java:99)
	at net.serenitybdd.core.webdriver.servicepools.ChromeServicePool.chromeDriverExecutable(ChromeServicePool.java:44)
	at net.serenitybdd.core.webdriver.servicepools.ChromeServicePool.newDriverService(ChromeServicePool.java:25)
	at net.serenitybdd.core.webdriver.servicepools.ChromeServicePool.newDriverService(ChromeServicePool.java:12)
	at net.serenitybdd.core.webdriver.servicepools.DriverServicePool.driverServiceWithName(DriverServicePool.java:55)
	at net.serenitybdd.core.webdriver.servicepools.DriverServicePool.getDriverService(DriverServicePool.java:46)
	at net.serenitybdd.core.webdriver.servicepools.DriverServicePool.start(DriverServicePool.java:61)
	at net.serenitybdd.core.webdriver.servicepools.DriverServicePool.ensureServiceIsRunning(DriverServicePool.java:87)
	at net.serenitybdd.core.webdriver.driverproviders.ChromeDriverProvider.getDriverServicePool(ChromeDriverProvider.java:29)
	at net.serenitybdd.core.webdriver.driverproviders.ChromeDriverProvider.newInstance(ChromeDriverProvider.java:49)
	at net.thucydides.core.webdriver.WebDriverFactory.newWebdriverInstance(WebDriverFactory.java:126)
	at net.thucydides.core.webdriver.WebDriverFacade.newDriverInstance(WebDriverFacade.java:149)
	at net.thucydides.core.webdriver.WebDriverFacade.newProxyDriver(WebDriverFacade.java:140)
	at net.thucydides.core.webdriver.WebDriverFacade.getProxiedDriver(WebDriverFacade.java:110)
	at net.thucydides.core.webdriver.WebDriverFacade.get(WebDriverFacade.java:181)
	at net.serenitybdd.core.pages.PageObject.openPageAtUrl(PageObject.java:860)
	at net.serenitybdd.core.pages.PageObject.open(PageObject.java:761)
	at net.serenitybdd.core.pages.PageObject.open(PageObject.java:749)
	at com.baeldung.serenity.GoogleSearchPageObjectLiveTest.whenGoogleBaeldungThenShouldSeeEugen(GoogleSearchPageObjectLiveTest.java:20)

